objc[92414]: Class AXEmojiUtilities is implemented in both /Applications/Xcode.app/Contents/Developer/Platforms/iPhoneSimulator.platform/Developer/SDKs/iPhoneSimulator7.1.sdk/System/Library/PrivateFrameworks/AccessibilityUtilities.framework/AccessibilityUtilities and /Applications/Xcode.app/Contents/Developer/Platforms/iPhoneSimulator.platform/Developer/SDKs/iPhoneSimulator7.1.sdk/usr/lib/libAXSpeechManager.dylib. One of the two will be used. Which one is undefined.
2014-06-02 21:10:20.140 HelloCordova[92414:70b] Cannot find executable for CFBundle 0xa823530 </Applications/Xcode.app/Contents/Developer/Platforms/iPhoneSimulator.platform/Developer/SDKs/iPhoneSimulator7.1.sdk/System/Library/AccessibilityBundles/CertUIFramework.axbundle> (not loaded)
2014-06-02 21:10:20.143 HelloCordova[92414:70b] Cannot find executable for CFBundle 0xa849310 </Applications/Xcode.app/Contents/Developer/Platforms/iPhoneSimulator.platform/Developer/SDKs/iPhoneSimulator7.1.sdk/System/Library/AccessibilityBundles/GeoServices.axbundle> (not loaded)
2014-06-02 21:10:20.184 HelloCordova[92414:70b] Multi-tasking -> Device: YES, App: YES
2014-06-02 21:10:20.191 HelloCordova[92414:70b] Unlimited access to network resources
2014-06-02 21:10:20.207 HelloCordova[92414:70b] [CDVTimer][keyboard] 0.051022ms
2014-06-02 21:10:20.207 HelloCordova[92414:70b] CDVPlugin class CDVStatusBar (pluginName: statusbar) does not exist.
2014-06-02 21:10:20.208 HelloCordova[92414:70b] [CDVTimer][statusbar] 0.379980ms
2014-06-02 21:10:20.208 HelloCordova[92414:70b] [CDVTimer][TotalPluginStartup] 1.206040ms
2014-06-02 21:10:20.278 HelloCordova[92414:70b] Resetting plugins due to page load.
2014-06-02 21:10:20.347 HelloCordova[92414:70b] Finished load of: file:///Users/marco/Library/Application%20Support/iPhone%20Simulator/7.1/Applications/68CD1AFE-6FF0-4B58-94F7-C7F359AFBA75/HelloCordova.app/www/index.html
objc[92910]: Class AXEmojiUtilities is implemented in both /Applications/Xcode.app/Contents/Developer/Platforms/iPhoneSimulator.platform/Developer/SDKs/iPhoneSimulator7.1.sdk/System/Library/PrivateFrameworks/AccessibilityUtilities.framework/AccessibilityUtilities and /Applications/Xcode.app/Contents/Developer/Platforms/iPhoneSimulator.platform/Developer/SDKs/iPhoneSimulator7.1.sdk/usr/lib/libAXSpeechManager.dylib. One of the two will be used. Which one is undefined.
2014-06-02 21:11:33.962 HelloCordova[92910:70b] Cannot find executable for CFBundle 0xb1238e0 </Applications/Xcode.app/Contents/Developer/Platforms/iPhoneSimulator.platform/Developer/SDKs/iPhoneSimulator7.1.sdk/System/Library/AccessibilityBundles/CertUIFramework.axbundle> (not loaded)
2014-06-02 21:11:33.965 HelloCordova[92910:70b] Cannot find executable for CFBundle 0xa425f70 </Applications/Xcode.app/Contents/Developer/Platforms/iPhoneSimulator.platform/Developer/SDKs/iPhoneSimulator7.1.sdk/System/Library/AccessibilityBundles/GeoServices.axbundle> (not loaded)
2014-06-02 21:11:33.997 HelloCordova[92910:70b] Multi-tasking -> Device: YES, App: YES
2014-06-02 21:11:34.002 HelloCordova[92910:70b] Unlimited access to network resources
2014-06-02 21:11:34.015 HelloCordova[92910:70b] [CDVTimer][keyboard] 0.055015ms
2014-06-02 21:11:34.016 HelloCordova[92910:70b] CDVPlugin class CDVStatusBar (pluginName: statusbar) does not exist.
2014-06-02 21:11:34.016 HelloCordova[92910:70b] [CDVTimer][statusbar] 0.304997ms
2014-06-02 21:11:34.016 HelloCordova[92910:70b] [CDVTimer][TotalPluginStartup] 1.022995ms
2014-06-02 21:11:34.071 HelloCordova[92910:70b] Resetting plugins due to page load.
2014-06-02 21:11:34.160 HelloCordova[92910:70b] Finished load of: file:///Users/marco/Library/Application%20Support/iPhone%20Simulator/7.1/Applications/68CD1AFE-6FF0-4B58-94F7-C7F359AFBA75/HelloCordova.app/www/index.html#/login
2014-06-02 21:11:41.480 HelloCordova[92910:70b] in verify resolved {"id":2381829163,"id_str":"2381829163","name":"Marco Au","screen_name":"marc0au","location":"Hong Kong","description":"","url":null,"entities":{"description":{"urls":[]}},"protected":false,"followers_count":9,"friends_count":30,"listed_count":0,"created_at":"Mon Mar 10 08:59:16 +0000 2014","favourites_count":0,"utc_offset":null,"time_zone":null,"geo_enabled":false,"verified":false,"statuses_count":0,"lang":"en","contributors_enabled":false,"is_translator":false,"is_translation_enabled":false,"profile_background_color":"C0DEED","profile_background_image_url":"http:\/\/abs.twimg.com\/images\/themes\/theme1\/bg.png","profile_background_image_url_https":"https:\/\/abs.twimg.com\/images\/themes\/theme1\/bg.png","profile_background_tile":false,"profile_image_url":"http:\/\/abs.twimg.com\/sticky\/default_profile_images\/default_profile_0_normal.png","profile_image_url_https":"https:\/\/abs.twimg.com\/sticky\/default_profile_images\/default_profile_0_normal.png","profile_link_color":"0084B4","profile_sidebar_border_color":"C0DEED","profile_sidebar_fill_color":"DDEEF6","profile_text_color":"333333","profile_use_background_image":true,"default_profile":true,"default_profile_image":true,"following":false,"follow_request_sent":false,"notifications":false}
2014-06-02 21:11:42.701 HelloCordova[92910:70b] in verify resolved {"id":2381829163,"id_str":"2381829163","name":"Marco Au","screen_name":"marc0au","location":"Hong Kong","description":"","url":null,"entities":{"description":{"urls":[]}},"protected":false,"followers_count":9,"friends_count":30,"listed_count":0,"created_at":"Mon Mar 10 08:59:16 +0000 2014","favourites_count":0,"utc_offset":null,"time_zone":null,"geo_enabled":false,"verified":false,"statuses_count":0,"lang":"en","contributors_enabled":false,"is_translator":false,"is_translation_enabled":false,"profile_background_color":"C0DEED","profile_background_image_url":"http:\/\/abs.twimg.com\/images\/themes\/theme1\/bg.png","profile_background_image_url_https":"https:\/\/abs.twimg.com\/images\/themes\/theme1\/bg.png","profile_background_tile":false,"profile_image_url":"http:\/\/abs.twimg.com\/sticky\/default_profile_images\/default_profile_0_normal.png","profile_image_url_https":"https:\/\/abs.twimg.com\/sticky\/default_profile_images\/default_profile_0_normal.png","profile_link_color":"0084B4","profile_sidebar_border_color":"C0DEED","profile_sidebar_fill_color":"DDEEF6","profile_text_color":"333333","profile_use_background_image":true,"default_profile":true,"default_profile_image":true,"following":false,"follow_request_sent":false,"notifications":false}
2014-06-02 21:11:43.350 HelloCordova[92910:70b] in verify resolved {"id":2381829163,"id_str":"2381829163","name":"Marco Au","screen_name":"marc0au","location":"Hong Kong","description":"","url":null,"entities":{"description":{"urls":[]}},"protected":false,"followers_count":9,"friends_count":30,"listed_count":0,"created_at":"Mon Mar 10 08:59:16 +0000 2014","favourites_count":0,"utc_offset":null,"time_zone":null,"geo_enabled":false,"verified":false,"statuses_count":0,"lang":"en","contributors_enabled":false,"is_translator":false,"is_translation_enabled":false,"profile_background_color":"C0DEED","profile_background_image_url":"http:\/\/abs.twimg.com\/images\/themes\/theme1\/bg.png","profile_background_image_url_https":"https:\/\/abs.twimg.com\/images\/themes\/theme1\/bg.png","profile_background_tile":false,"profile_image_url":"http:\/\/abs.twimg.com\/sticky\/default_profile_images\/default_profile_0_normal.png","profile_image_url_https":"https:\/\/abs.twimg.com\/sticky\/default_profile_images\/default_profile_0_normal.png","profile_link_color":"0084B4","profile_sidebar_border_color":"C0DEED","profile_sidebar_fill_color":"DDEEF6","profile_text_color":"333333","profile_use_background_image":true,"default_profile":true,"default_profile_image":true,"following":false,"follow_request_sent":false,"notifications":false}
objc[93641]: Class AXEmojiUtilities is implemented in both /Applications/Xcode.app/Contents/Developer/Platforms/iPhoneSimulator.platform/Developer/SDKs/iPhoneSimulator7.1.sdk/System/Library/PrivateFrameworks/AccessibilityUtilities.framework/AccessibilityUtilities and /Applications/Xcode.app/Contents/Developer/Platforms/iPhoneSimulator.platform/Developer/SDKs/iPhoneSimulator7.1.sdk/usr/lib/libAXSpeechManager.dylib. One of the two will be used. Which one is undefined.
2014-06-02 21:14:22.391 HelloCordova[93641:70b] Cannot find executable for CFBundle 0xa492c70 </Applications/Xcode.app/Contents/Developer/Platforms/iPhoneSimulator.platform/Developer/SDKs/iPhoneSimulator7.1.sdk/System/Library/AccessibilityBundles/CertUIFramework.axbundle> (not loaded)
2014-06-02 21:14:22.395 HelloCordova[93641:70b] Cannot find executable for CFBundle 0xa66e4d0 </Applications/Xcode.app/Contents/Developer/Platforms/iPhoneSimulator.platform/Developer/SDKs/iPhoneSimulator7.1.sdk/System/Library/AccessibilityBundles/GeoServices.axbundle> (not loaded)
2014-06-02 21:14:22.433 HelloCordova[93641:70b] Multi-tasking -> Device: YES, App: YES
2014-06-02 21:14:22.440 HelloCordova[93641:70b] Unlimited access to network resources
2014-06-02 21:14:22.455 HelloCordova[93641:70b] [CDVTimer][keyboard] 0.054002ms
2014-06-02 21:14:22.456 HelloCordova[93641:70b] CDVPlugin class CDVStatusBar (pluginName: statusbar) does not exist.
2014-06-02 21:14:22.456 HelloCordova[93641:70b] [CDVTimer][statusbar] 0.358999ms
2014-06-02 21:14:22.456 HelloCordova[93641:70b] [CDVTimer][TotalPluginStartup] 1.159012ms
2014-06-02 21:14:22.533 HelloCordova[93641:70b] Resetting plugins due to page load.
2014-06-02 21:14:22.623 HelloCordova[93641:70b] Finished load of: file:///Users/marco/Library/Application%20Support/iPhone%20Simulator/7.1/Applications/68CD1AFE-6FF0-4B58-94F7-C7F359AFBA75/HelloCordova.app/www/index.html#/login
2014-06-02 21:15:02.748 HelloCordova[93641:3f07] void SendDelegateMessage(NSInvocation *): delegate (webView:runJavaScriptAlertPanelWithMessage:initiatedByFrame:) failed to return after waiting 10 seconds. main run loop mode: kCFRunLoopDefaultMode
2014-06-02 21:15:02.751 HelloCordova[93641:70b] in verify resolved {"id":2381829163,"id_str":"2381829163","name":"Marco Au","screen_name":"marc0au","location":"Hong Kong","description":"","url":null,"entities":{"description":{"urls":[]}},"protected":false,"followers_count":9,"friends_count":30,"listed_count":0,"created_at":"Mon Mar 10 08:59:16 +0000 2014","favourites_count":0,"utc_offset":null,"time_zone":null,"geo_enabled":false,"verified":false,"statuses_count":0,"lang":"en","contributors_enabled":false,"is_translator":false,"is_translation_enabled":false,"profile_background_color":"C0DEED","profile_background_image_url":"http:\/\/abs.twimg.com\/images\/themes\/theme1\/bg.png","profile_background_image_url_https":"https:\/\/abs.twimg.com\/images\/themes\/theme1\/bg.png","profile_background_tile":false,"profile_image_url":"http:\/\/abs.twimg.com\/sticky\/default_profile_images\/default_profile_0_normal.png","profile_image_url_https":"https:\/\/abs.twimg.com\/sticky\/default_profile_images\/default_profile_0_normal.png","profile_link_color":"0084B4","profile_sidebar_border_color":"C0DEED","profile_sidebar_fill_color":"DDEEF6","profile_text_color":"333333","profile_use_background_image":true,"default_profile":true,"default_profile_image":true,"following":false,"follow_request_sent":false,"notifications":false}
2014-06-02 21:17:13.525 HelloCordova[93641:70b] in verify resolved {"id":2381829163,"id_str":"2381829163","name":"Marco Au","screen_name":"marc0au","location":"Hong Kong","description":"","url":null,"entities":{"description":{"urls":[]}},"protected":false,"followers_count":9,"friends_count":30,"listed_count":0,"created_at":"Mon Mar 10 08:59:16 +0000 2014","favourites_count":0,"utc_offset":null,"time_zone":null,"geo_enabled":false,"verified":false,"statuses_count":0,"lang":"en","contributors_enabled":false,"is_translator":false,"is_translation_enabled":false,"profile_background_color":"C0DEED","profile_background_image_url":"http:\/\/abs.twimg.com\/images\/themes\/theme1\/bg.png","profile_background_image_url_https":"https:\/\/abs.twimg.com\/images\/themes\/theme1\/bg.png","profile_background_tile":false,"profile_image_url":"http:\/\/abs.twimg.com\/sticky\/default_profile_images\/default_profile_0_normal.png","profile_image_url_https":"https:\/\/abs.twimg.com\/sticky\/default_profile_images\/default_profile_0_normal.png","profile_link_color":"0084B4","profile_sidebar_border_color":"C0DEED","profile_sidebar_fill_color":"DDEEF6","profile_text_color":"333333","profile_use_background_image":true,"default_profile":true,"default_profile_image":true,"following":false,"follow_request_sent":false,"notifications":false}
Terminating in response to SpringBoard's termination.
objc[93925]: Class AXEmojiUtilities is implemented in both /Applications/Xcode.app/Contents/Developer/Platforms/iPhoneSimulator.platform/Developer/SDKs/iPhoneSimulator7.1.sdk/System/Library/PrivateFrameworks/AccessibilityUtilities.framework/AccessibilityUtilities and /Applications/Xcode.app/Contents/Developer/Platforms/iPhoneSimulator.platform/Developer/SDKs/iPhoneSimulator7.1.sdk/usr/lib/libAXSpeechManager.dylib. One of the two will be used. Which one is undefined.
2014-06-02 21:17:30.354 HelloCordova[93925:70b] Cannot find executable for CFBundle 0xa54edd0 </Applications/Xcode.app/Contents/Developer/Platforms/iPhoneSimulator.platform/Developer/SDKs/iPhoneSimulator7.1.sdk/System/Library/AccessibilityBundles/GeoServices.axbundle> (not loaded)
2014-06-02 21:17:30.358 HelloCordova[93925:70b] Cannot find executable for CFBundle 0xa575bf0 </Applications/Xcode.app/Contents/Developer/Platforms/iPhoneSimulator.platform/Developer/SDKs/iPhoneSimulator7.1.sdk/System/Library/AccessibilityBundles/CertUIFramework.axbundle> (not loaded)
2014-06-02 21:17:30.388 HelloCordova[93925:70b] Multi-tasking -> Device: YES, App: YES
2014-06-02 21:17:30.393 HelloCordova[93925:70b] Unlimited access to network resources
2014-06-02 21:17:30.406 HelloCordova[93925:70b] [CDVTimer][keyboard] 0.052035ms
2014-06-02 21:17:30.406 HelloCordova[93925:70b] CDVPlugin class CDVStatusBar (pluginName: statusbar) does not exist.
2014-06-02 21:17:30.407 HelloCordova[93925:70b] [CDVTimer][statusbar] 0.308037ms
2014-06-02 21:17:30.407 HelloCordova[93925:70b] [CDVTimer][TotalPluginStartup] 1.021028ms
2014-06-02 21:17:30.463 HelloCordova[93925:70b] Resetting plugins due to page load.
2014-06-02 21:17:30.554 HelloCordova[93925:70b] Finished load of: file:///Users/marco/Library/Application%20Support/iPhone%20Simulator/7.1/Applications/68CD1AFE-6FF0-4B58-94F7-C7F359AFBA75/HelloCordova.app/www/index.html#/login
objc[94407]: Class AXEmojiUtilities is implemented in both /Applications/Xcode.app/Contents/Developer/Platforms/iPhoneSimulator.platform/Developer/SDKs/iPhoneSimulator7.1.sdk/System/Library/PrivateFrameworks/AccessibilityUtilities.framework/AccessibilityUtilities and /Applications/Xcode.app/Contents/Developer/Platforms/iPhoneSimulator.platform/Developer/SDKs/iPhoneSimulator7.1.sdk/usr/lib/libAXSpeechManager.dylib. One of the two will be used. Which one is undefined.
2014-06-02 21:17:43.865 HelloCordova[94407:70b] Cannot find executable for CFBundle 0xa3364d0 </Applications/Xcode.app/Contents/Developer/Platforms/iPhoneSimulator.platform/Developer/SDKs/iPhoneSimulator7.1.sdk/System/Library/AccessibilityBundles/GeoServices.axbundle> (not loaded)
2014-06-02 21:17:43.872 HelloCordova[94407:70b] Cannot find executable for CFBundle 0xa93adf0 </Applications/Xcode.app/Contents/Developer/Platforms/iPhoneSimulator.platform/Developer/SDKs/iPhoneSimulator7.1.sdk/System/Library/AccessibilityBundles/CertUIFramework.axbundle> (not loaded)
2014-06-02 21:17:43.916 HelloCordova[94407:70b] Multi-tasking -> Device: YES, App: YES
2014-06-02 21:17:43.922 HelloCordova[94407:70b] Unlimited access to network resources
2014-06-02 21:17:43.936 HelloCordova[94407:70b] [CDVTimer][keyboard] 0.056982ms
2014-06-02 21:17:43.937 HelloCordova[94407:70b] CDVPlugin class CDVStatusBar (pluginName: statusbar) does not exist.
2014-06-02 21:17:43.937 HelloCordova[94407:70b] [CDVTimer][statusbar] 0.454962ms
2014-06-02 21:17:43.938 HelloCordova[94407:70b] [CDVTimer][TotalPluginStartup] 1.439989ms
2014-06-02 21:17:44.008 HelloCordova[94407:70b] Resetting plugins due to page load.
2014-06-02 21:17:44.099 HelloCordova[94407:70b] Finished load of: file:///Users/marco/Library/Application%20Support/iPhone%20Simulator/7.1/Applications/68CD1AFE-6FF0-4B58-94F7-C7F359AFBA75/HelloCordova.app/www/index.html#/login
2014-06-02 21:17:50.073 HelloCordova[94407:70b] in verify resolved {"id":2381829163,"id_str":"2381829163","name":"Marco Au","screen_name":"marc0au","location":"Hong Kong","description":"","url":null,"entities":{"description":{"urls":[]}},"protected":false,"followers_count":9,"friends_count":30,"listed_count":0,"created_at":"Mon Mar 10 08:59:16 +0000 2014","favourites_count":0,"utc_offset":null,"time_zone":null,"geo_enabled":false,"verified":false,"statuses_count":0,"lang":"en","contributors_enabled":false,"is_translator":false,"is_translation_enabled":false,"profile_background_color":"C0DEED","profile_background_image_url":"http:\/\/abs.twimg.com\/images\/themes\/theme1\/bg.png","profile_background_image_url_https":"https:\/\/abs.twimg.com\/images\/themes\/theme1\/bg.png","profile_background_tile":false,"profile_image_url":"http:\/\/abs.twimg.com\/sticky\/default_profile_images\/default_profile_0_normal.png","profile_image_url_https":"https:\/\/abs.twimg.com\/sticky\/default_profile_images\/default_profile_0_normal.png","profile_link_color":"0084B4","profile_sidebar_border_color":"C0DEED","profile_sidebar_fill_color":"DDEEF6","profile_text_color":"333333","profile_use_background_image":true,"default_profile":true,"default_profile_image":true,"following":false,"follow_request_sent":false,"notifications":false}
2014-06-02 21:20:13.162 HelloCordova[94407:4007] void SendDelegateMessage(NSInvocation *): delegate (webView:runJavaScriptAlertPanelWithMessage:initiatedByFrame:) failed to return after waiting 10 seconds. main run loop mode: kCFRunLoopDefaultMode
2014-06-02 21:20:13.167 HelloCordova[94407:70b] in verify resolved {"id":2381829163,"id_str":"2381829163","name":"Marco Au","screen_name":"marc0au","location":"Hong Kong","description":"","url":null,"entities":{"description":{"urls":[]}},"protected":false,"followers_count":9,"friends_count":30,"listed_count":0,"created_at":"Mon Mar 10 08:59:16 +0000 2014","favourites_count":0,"utc_offset":null,"time_zone":null,"geo_enabled":false,"verified":false,"statuses_count":0,"lang":"en","contributors_enabled":false,"is_translator":false,"is_translation_enabled":false,"profile_background_color":"C0DEED","profile_background_image_url":"http:\/\/abs.twimg.com\/images\/themes\/theme1\/bg.png","profile_background_image_url_https":"https:\/\/abs.twimg.com\/images\/themes\/theme1\/bg.png","profile_background_tile":false,"profile_image_url":"http:\/\/abs.twimg.com\/sticky\/default_profile_images\/default_profile_0_normal.png","profile_image_url_https":"https:\/\/abs.twimg.com\/sticky\/default_profile_images\/default_profile_0_normal.png","profile_link_color":"0084B4","profile_sidebar_border_color":"C0DEED","profile_sidebar_fill_color":"DDEEF6","profile_text_color":"333333","profile_use_background_image":true,"default_profile":true,"default_profile_image":true,"following":false,"follow_request_sent":false,"notifications":false}
Terminating in response to SpringBoard's termination.
objc[95826]: Class AXEmojiUtilities is implemented in both /Applications/Xcode.app/Contents/Developer/Platforms/iPhoneSimulator.platform/Developer/SDKs/iPhoneSimulator7.1.sdk/System/Library/PrivateFrameworks/AccessibilityUtilities.framework/AccessibilityUtilities and /Applications/Xcode.app/Contents/Developer/Platforms/iPhoneSimulator.platform/Developer/SDKs/iPhoneSimulator7.1.sdk/usr/lib/libAXSpeechManager.dylib. One of the two will be used. Which one is undefined.
2014-06-02 21:23:09.091 HelloCordova[95826:70b] Cannot find executable for CFBundle 0xa671c70 </Applications/Xcode.app/Contents/Developer/Platforms/iPhoneSimulator.platform/Developer/SDKs/iPhoneSimulator7.1.sdk/System/Library/AccessibilityBundles/GeoServices.axbundle> (not loaded)
2014-06-02 21:23:09.095 HelloCordova[95826:70b] Cannot find executable for CFBundle 0xae5e0e0 </Applications/Xcode.app/Contents/Developer/Platforms/iPhoneSimulator.platform/Developer/SDKs/iPhoneSimulator7.1.sdk/System/Library/AccessibilityBundles/CertUIFramework.axbundle> (not loaded)
2014-06-02 21:23:09.130 HelloCordova[95826:70b] Multi-tasking -> Device: YES, App: YES
2014-06-02 21:23:09.135 HelloCordova[95826:70b] Unlimited access to network resources
2014-06-02 21:23:09.150 HelloCordova[95826:70b] [CDVTimer][keyboard] 0.075042ms
2014-06-02 21:23:09.150 HelloCordova[95826:70b] CDVPlugin class CDVStatusBar (pluginName: statusbar) does not exist.
2014-06-02 21:23:09.150 HelloCordova[95826:70b] [CDVTimer][statusbar] 0.293016ms
2014-06-02 21:23:09.151 HelloCordova[95826:70b] [CDVTimer][TotalPluginStartup] 1.053989ms
2014-06-02 21:23:09.215 HelloCordova[95826:70b] Resetting plugins due to page load.
2014-06-02 21:23:09.307 HelloCordova[95826:70b] Finished load of: file:///Users/marco/Library/Application%20Support/iPhone%20Simulator/7.1/Applications/68CD1AFE-6FF0-4B58-94F7-C7F359AFBA75/HelloCordova.app/www/index.html#/login
2014-06-02 21:23:13.233 HelloCordova[95826:70b] Setting the WebView's frame to {{0, 0}, {320, 436}}
2014-06-02 21:23:13.233 HelloCordova[95826:70b] Setting the WebView's frame to {{0, 0}, {320, 480}}
2014-06-02 21:23:13.235 HelloCordova[95826:70b] THREAD WARNING: ['InAppBrowser'] took '15.648193' ms. Plugin should use a background thread.
2014-06-02 21:23:15.714 HelloCordova[95826:70b] in doLoadstart https://api.twitter.com/oauth/authorize?oauth_token=LdlxWgT8rQHNGeCgYfxpsTFbCDxVMGZ5HojP7eIcqGc&oauth_token_secret=XLO6qZDj3n7vVDNrmEhO0Yh4XYqlCx1NnvQfGPEaE&oauth_callback_confirmed=true
2014-06-02 21:23:15.715 HelloCordova[95826:70b] callbackURL callbackUrl
2014-06-02 21:23:26.667 HelloCordova[95826:70b] in doLoadstart https://api.twitter.com/oauth/authorize
2014-06-02 21:23:26.667 HelloCordova[95826:70b] callbackURL callbackUrl
2014-06-02 21:23:29.257 HelloCordova[95826:70b] in doLoadstart http://callbackurl/?oauth_token=LdlxWgT8rQHNGeCgYfxpsTFbCDxVMGZ5HojP7eIcqGc&oauth_verifier=jZvXpqSJmXMmNu8xDm3DAO5nlF9MeJPmMbvVyqxiu8
2014-06-02 21:23:29.257 HelloCordova[95826:70b] callbackURL callbackUrl
2014-06-02 21:23:29.276 HelloCordova[95826:70b] webView:didFailLoadWithError - -1003: A server with the specified hostname could not be found.
2014-06-02 21:23:37.666 HelloCordova[95826:70b] {"text":"oauth_token=2381829163-d4N2wYAMifLbUXG9YYS9EfDPCl8RCHkQEEAWRIR&oauth_token_secret=ctryJ0IFH8Ccdlvj3Ujx2WZOSnowvaW4hgXMRqpFfhSmi&user_id=2381829163&screen_name=marc0au","xml":"","requestHeaders":{},"responseHeaders":{"Date":"Tue, 03 Jun 2014 04:23:28 GMT","Content-Encoding":"gzip","x-content-type-options":"nosniff","Status":"200 OK","Strict-Transport-Security":"max-age=631138519","Content-Length":"172","x-xss-protection":"1; mode=block","x-runtime":"0.03969","Pragma":"no-cache","x-mid":"2cd6200b048fb13c241b5217e6caa9dc1789ffc8","Last-Modified":"Tue, 03 Jun 2014 04:23:28 GMT","Server":"tfe","Etag":"\"e18703578b97ca2165e137b9a3ea8627\"","x-frame-options":"SAMEORIGIN","Content-Type":"text/javascript; charset=utf-8","Cache-Control":"no-cache, no-store, must-revalidate, pre-check=0, post-check=0","x-transaction":"acf9fe8ed5dc2a48","Expires":"Tue, 31 Mar 1981 05:00:00 GMT"}}
2014-06-02 21:23:37.667 HelloCordova[95826:70b] TWITTER: Storing token key/secret in localStorage
2014-06-02 21:23:38.942 HelloCordova[95826:70b] in verify resolved {"id":2381829163,"id_str":"2381829163","name":"Marco Au","screen_name":"marc0au","location":"Hong Kong","description":"","url":null,"entities":{"description":{"urls":[]}},"protected":false,"followers_count":9,"friends_count":30,"listed_count":0,"created_at":"Mon Mar 10 08:59:16 +0000 2014","favourites_count":0,"utc_offset":null,"time_zone":null,"geo_enabled":false,"verified":false,"statuses_count":0,"lang":"en","contributors_enabled":false,"is_translator":false,"is_translation_enabled":false,"profile_background_color":"C0DEED","profile_background_image_url":"http:\/\/abs.twimg.com\/images\/themes\/theme1\/bg.png","profile_background_image_url_https":"https:\/\/abs.twimg.com\/images\/themes\/theme1\/bg.png","profile_background_tile":false,"profile_image_url":"http:\/\/abs.twimg.com\/sticky\/default_profile_images\/default_profile_0_normal.png","profile_image_url_https":"https:\/\/abs.twimg.com\/sticky\/default_profile_images\/default_profile_0_normal.png","profile_link_color":"0084B4","profile_sidebar_border_color":"C0DEED","profile_sidebar_fill_color":"DDEEF6","profile_text_color":"333333","profile_use_background_image":true,"default_profile":true,"default_profile_image":true,"following":false,"follow_request_sent":false,"notifications":false}
2014-06-02 21:23:48.558 HelloCordova[95826:70b] in verify resolved {"id":2381829163,"id_str":"2381829163","name":"Marco Au","screen_name":"marc0au","location":"Hong Kong","description":"","url":null,"entities":{"description":{"urls":[]}},"protected":false,"followers_count":9,"friends_count":30,"listed_count":0,"created_at":"Mon Mar 10 08:59:16 +0000 2014","favourites_count":0,"utc_offset":null,"time_zone":null,"geo_enabled":false,"verified":false,"statuses_count":0,"lang":"en","contributors_enabled":false,"is_translator":false,"is_translation_enabled":false,"profile_background_color":"C0DEED","profile_background_image_url":"http:\/\/abs.twimg.com\/images\/themes\/theme1\/bg.png","profile_background_image_url_https":"https:\/\/abs.twimg.com\/images\/themes\/theme1\/bg.png","profile_background_tile":false,"profile_image_url":"http:\/\/abs.twimg.com\/sticky\/default_profile_images\/default_profile_0_normal.png","profile_image_url_https":"https:\/\/abs.twimg.com\/sticky\/default_profile_images\/default_profile_0_normal.png","profile_link_color":"0084B4","profile_sidebar_border_color":"C0DEED","profile_sidebar_fill_color":"DDEEF6","profile_text_color":"333333","profile_use_background_image":true,"default_profile":true,"default_profile_image":true,"following":false,"follow_request_sent":false,"notifications":false}
Terminating in response to SpringBoard's termination.
objc[96326]: Class AXEmojiUtilities is implemented in both /Applications/Xcode.app/Contents/Developer/Platforms/iPhoneSimulator.platform/Developer/SDKs/iPhoneSimulator7.1.sdk/System/Library/PrivateFrameworks/AccessibilityUtilities.framework/AccessibilityUtilities and /Applications/Xcode.app/Contents/Developer/Platforms/iPhoneSimulator.platform/Developer/SDKs/iPhoneSimulator7.1.sdk/usr/lib/libAXSpeechManager.dylib. One of the two will be used. Which one is undefined.
2014-06-02 21:29:19.868 HelloCordova[96326:70b] Cannot find executable for CFBundle 0xa53bde0 </Applications/Xcode.app/Contents/Developer/Platforms/iPhoneSimulator.platform/Developer/SDKs/iPhoneSimulator7.1.sdk/System/Library/AccessibilityBundles/CertUIFramework.axbundle> (not loaded)
2014-06-02 21:29:19.874 HelloCordova[96326:70b] Cannot find executable for CFBundle 0xa63a5b0 </Applications/Xcode.app/Contents/Developer/Platforms/iPhoneSimulator.platform/Developer/SDKs/iPhoneSimulator7.1.sdk/System/Library/AccessibilityBundles/GeoServices.axbundle> (not loaded)
2014-06-02 21:29:19.902 HelloCordova[96326:70b] Multi-tasking -> Device: YES, App: YES
2014-06-02 21:29:19.909 HelloCordova[96326:70b] Unlimited access to network resources
2014-06-02 21:29:19.929 HelloCordova[96326:70b] [CDVTimer][keyboard] 0.083029ms
2014-06-02 21:29:19.930 HelloCordova[96326:70b] CDVPlugin class CDVStatusBar (pluginName: statusbar) does not exist.
2014-06-02 21:29:19.930 HelloCordova[96326:70b] [CDVTimer][statusbar] 0.416994ms
2014-06-02 21:29:19.930 HelloCordova[96326:70b] [CDVTimer][TotalPluginStartup] 1.381040ms
2014-06-02 21:29:20.026 HelloCordova[96326:70b] Resetting plugins due to page load.
2014-06-02 21:29:20.130 HelloCordova[96326:70b] Finished load of: file:///Users/marco/Library/Application%20Support/iPhone%20Simulator/7.1/Applications/68CD1AFE-6FF0-4B58-94F7-C7F359AFBA75/HelloCordova.app/www/index.html#/login
2014-06-02 21:29:25.461 HelloCordova[96326:70b] in verify resolved {"id":2381829163,"id_str":"2381829163","name":"Marco Au","screen_name":"marc0au","location":"Hong Kong","description":"","url":null,"entities":{"description":{"urls":[]}},"protected":false,"followers_count":9,"friends_count":30,"listed_count":0,"created_at":"Mon Mar 10 08:59:16 +0000 2014","favourites_count":0,"utc_offset":null,"time_zone":null,"geo_enabled":false,"verified":false,"statuses_count":0,"lang":"en","contributors_enabled":false,"is_translator":false,"is_translation_enabled":false,"profile_background_color":"C0DEED","profile_background_image_url":"http:\/\/abs.twimg.com\/images\/themes\/theme1\/bg.png","profile_background_image_url_https":"https:\/\/abs.twimg.com\/images\/themes\/theme1\/bg.png","profile_background_tile":false,"profile_image_url":"http:\/\/abs.twimg.com\/sticky\/default_profile_images\/default_profile_0_normal.png","profile_image_url_https":"https:\/\/abs.twimg.com\/sticky\/default_profile_images\/default_profile_0_normal.png","profile_link_color":"0084B4","profile_sidebar_border_color":"C0DEED","profile_sidebar_fill_color":"DDEEF6","profile_text_color":"333333","profile_use_background_image":true,"default_profile":true,"default_profile_image":true,"following":false,"follow_request_sent":false,"notifications":false}
2014-06-02 21:29:35.179 HelloCordova[96326:70b] in verify resolved {"id":2381829163,"id_str":"2381829163","name":"Marco Au","screen_name":"marc0au","location":"Hong Kong","description":"","url":null,"entities":{"description":{"urls":[]}},"protected":false,"followers_count":9,"friends_count":30,"listed_count":0,"created_at":"Mon Mar 10 08:59:16 +0000 2014","favourites_count":0,"utc_offset":null,"time_zone":null,"geo_enabled":false,"verified":false,"statuses_count":0,"lang":"en","contributors_enabled":false,"is_translator":false,"is_translation_enabled":false,"profile_background_color":"C0DEED","profile_background_image_url":"http:\/\/abs.twimg.com\/images\/themes\/theme1\/bg.png","profile_background_image_url_https":"https:\/\/abs.twimg.com\/images\/themes\/theme1\/bg.png","profile_background_tile":false,"profile_image_url":"http:\/\/abs.twimg.com\/sticky\/default_profile_images\/default_profile_0_normal.png","profile_image_url_https":"https:\/\/abs.twimg.com\/sticky\/default_profile_images\/default_profile_0_normal.png","profile_link_color":"0084B4","profile_sidebar_border_color":"C0DEED","profile_sidebar_fill_color":"DDEEF6","profile_text_color":"333333","profile_use_background_image":true,"default_profile":true,"default_profile_image":true,"following":false,"follow_request_sent":false,"notifications":false}
objc[97252]: Class AXEmojiUtilities is implemented in both /Applications/Xcode.app/Contents/Developer/Platforms/iPhoneSimulator.platform/Developer/SDKs/iPhoneSimulator7.1.sdk/System/Library/PrivateFrameworks/AccessibilityUtilities.framework/AccessibilityUtilities and /Applications/Xcode.app/Contents/Developer/Platforms/iPhoneSimulator.platform/Developer/SDKs/iPhoneSimulator7.1.sdk/usr/lib/libAXSpeechManager.dylib. One of the two will be used. Which one is undefined.
2014-06-02 21:30:14.334 HelloCordova[97252:70b] Cannot find executable for CFBundle 0xb412fd0 </Applications/Xcode.app/Contents/Developer/Platforms/iPhoneSimulator.platform/Developer/SDKs/iPhoneSimulator7.1.sdk/System/Library/AccessibilityBundles/GeoServices.axbundle> (not loaded)
2014-06-02 21:30:14.338 HelloCordova[97252:70b] Cannot find executable for CFBundle 0xa547c20 </Applications/Xcode.app/Contents/Developer/Platforms/iPhoneSimulator.platform/Developer/SDKs/iPhoneSimulator7.1.sdk/System/Library/AccessibilityBundles/CertUIFramework.axbundle> (not loaded)
2014-06-02 21:30:14.374 HelloCordova[97252:70b] Multi-tasking -> Device: YES, App: YES
2014-06-02 21:30:14.380 HelloCordova[97252:70b] Unlimited access to network resources
2014-06-02 21:30:14.393 HelloCordova[97252:70b] [CDVTimer][keyboard] 0.051022ms
2014-06-02 21:30:14.394 HelloCordova[97252:70b] CDVPlugin class CDVStatusBar (pluginName: statusbar) does not exist.
2014-06-02 21:30:14.394 HelloCordova[97252:70b] [CDVTimer][statusbar] 0.288010ms
2014-06-02 21:30:14.394 HelloCordova[97252:70b] [CDVTimer][TotalPluginStartup] 0.946045ms
2014-06-02 21:30:14.461 HelloCordova[97252:70b] Resetting plugins due to page load.
2014-06-02 21:30:14.574 HelloCordova[97252:70b] Finished load of: file:///Users/marco/Library/Application%20Support/iPhone%20Simulator/7.1/Applications/68CD1AFE-6FF0-4B58-94F7-C7F359AFBA75/HelloCordova.app/www/index.html#/login
2014-06-02 21:30:27.694 HelloCordova[97252:70b] Setting the WebView's frame to {{0, 0}, {320, 436}}
2014-06-02 21:30:27.695 HelloCordova[97252:70b] Setting the WebView's frame to {{0, 0}, {320, 480}}
2014-06-02 21:30:27.697 HelloCordova[97252:70b] THREAD WARNING: ['InAppBrowser'] took '15.586914' ms. Plugin should use a background thread.
2014-06-02 21:30:30.112 HelloCordova[97252:70b] in doLoadstart https://api.twitter.com/oauth/authorize?oauth_token=dBB1bJv2S4KmVWl9nw22sC6Bvw5CPdgM4A2tEIFUwQ&oauth_token_secret=Q8I8MdyZlAmTiSM2N1Zwt8wwCla0Oim5D3eVO3qnyY&oauth_callback_confirmed=true
2014-06-02 21:30:30.112 HelloCordova[97252:70b] callbackURL callbackUrl
2014-06-02 21:30:42.791 HelloCordova[97252:70b] in doLoadstart https://api.twitter.com/oauth/authorize
2014-06-02 21:30:42.791 HelloCordova[97252:70b] callbackURL callbackUrl
2014-06-02 21:30:45.587 HelloCordova[97252:70b] in doLoadstart http://callbackurl/?oauth_token=dBB1bJv2S4KmVWl9nw22sC6Bvw5CPdgM4A2tEIFUwQ&oauth_verifier=YP2v6oJ6TIq8Jyymx0VtGW5I40FL9wjYhVS0vwDyZMI
2014-06-02 21:30:45.588 HelloCordova[97252:70b] callbackURL callbackUrl
2014-06-02 21:30:45.606 HelloCordova[97252:70b] webView:didFailLoadWithError - -1003: A server with the specified hostname could not be found.
2014-06-02 21:30:48.071 HelloCordova[97252:70b] {"text":"oauth_token=2381829163-d4N2wYAMifLbUXG9YYS9EfDPCl8RCHkQEEAWRIR&oauth_token_secret=ctryJ0IFH8Ccdlvj3Ujx2WZOSnowvaW4hgXMRqpFfhSmi&user_id=2381829163&screen_name=marc0au","xml":"","requestHeaders":{},"responseHeaders":{"Date":"Tue, 03 Jun 2014 04:30:45 GMT","Content-Encoding":"gzip","x-content-type-options":"nosniff","Status":"200 OK","Strict-Transport-Security":"max-age=631138519","Content-Length":"172","x-xss-protection":"1; mode=block","x-runtime":"0.04009","Pragma":"no-cache","x-mid":"e5c2af5bf0dda3a3d094644868367af8c5abf57e","Last-Modified":"Tue, 03 Jun 2014 04:30:45 GMT","Server":"tfe","Etag":"\"e18703578b97ca2165e137b9a3ea8627\"","x-frame-options":"SAMEORIGIN","Content-Type":"text/javascript; charset=utf-8","Cache-Control":"no-cache, no-store, must-revalidate, pre-check=0, post-check=0","x-transaction":"973171f645fd4f37","Expires":"Tue, 31 Mar 1981 05:00:00 GMT"}}
2014-06-02 21:30:48.072 HelloCordova[97252:70b] TWITTER: Storing token key/secret in localStorage
2014-06-02 21:30:49.258 HelloCordova[97252:70b] in verify resolved {"id":2381829163,"id_str":"2381829163","name":"Marco Au","screen_name":"marc0au","location":"Hong Kong","description":"","url":null,"entities":{"description":{"urls":[]}},"protected":false,"followers_count":9,"friends_count":30,"listed_count":0,"created_at":"Mon Mar 10 08:59:16 +0000 2014","favourites_count":0,"utc_offset":null,"time_zone":null,"geo_enabled":false,"verified":false,"statuses_count":0,"lang":"en","contributors_enabled":false,"is_translator":false,"is_translation_enabled":false,"profile_background_color":"C0DEED","profile_background_image_url":"http:\/\/abs.twimg.com\/images\/themes\/theme1\/bg.png","profile_background_image_url_https":"https:\/\/abs.twimg.com\/images\/themes\/theme1\/bg.png","profile_background_tile":false,"profile_image_url":"http:\/\/abs.twimg.com\/sticky\/default_profile_images\/default_profile_0_normal.png","profile_image_url_https":"https:\/\/abs.twimg.com\/sticky\/default_profile_images\/default_profile_0_normal.png","profile_link_color":"0084B4","profile_sidebar_border_color":"C0DEED","profile_sidebar_fill_color":"DDEEF6","profile_text_color":"333333","profile_use_background_image":true,"default_profile":true,"default_profile_image":true,"following":false,"follow_request_sent":false,"notifications":false}
Terminating in response to SpringBoard's termination.
objc[97742]: Class AXEmojiUtilities is implemented in both /Applications/Xcode.app/Contents/Developer/Platforms/iPhoneSimulator.platform/Developer/SDKs/iPhoneSimulator7.1.sdk/System/Library/PrivateFrameworks/AccessibilityUtilities.framework/AccessibilityUtilities and /Applications/Xcode.app/Contents/Developer/Platforms/iPhoneSimulator.platform/Developer/SDKs/iPhoneSimulator7.1.sdk/usr/lib/libAXSpeechManager.dylib. One of the two will be used. Which one is undefined.
2014-06-02 21:31:15.657 HelloCordova[97742:70b] Cannot find executable for CFBundle 0xa7104a0 </Applications/Xcode.app/Contents/Developer/Platforms/iPhoneSimulator.platform/Developer/SDKs/iPhoneSimulator7.1.sdk/System/Library/AccessibilityBundles/GeoServices.axbundle> (not loaded)
2014-06-02 21:31:15.661 HelloCordova[97742:70b] Cannot find executable for CFBundle 0xa337ec0 </Applications/Xcode.app/Contents/Developer/Platforms/iPhoneSimulator.platform/Developer/SDKs/iPhoneSimulator7.1.sdk/System/Library/AccessibilityBundles/CertUIFramework.axbundle> (not loaded)
2014-06-02 21:31:15.701 HelloCordova[97742:70b] Multi-tasking -> Device: YES, App: YES
2014-06-02 21:31:15.707 HelloCordova[97742:70b] Unlimited access to network resources
2014-06-02 21:31:15.721 HelloCordova[97742:70b] [CDVTimer][keyboard] 0.054002ms
2014-06-02 21:31:15.721 HelloCordova[97742:70b] CDVPlugin class CDVStatusBar (pluginName: statusbar) does not exist.
2014-06-02 21:31:15.721 HelloCordova[97742:70b] [CDVTimer][statusbar] 0.288010ms
2014-06-02 21:31:15.722 HelloCordova[97742:70b] [CDVTimer][TotalPluginStartup] 0.977039ms
2014-06-02 21:31:15.781 HelloCordova[97742:70b] Resetting plugins due to page load.
2014-06-02 21:31:15.869 HelloCordova[97742:70b] Finished load of: file:///Users/marco/Library/Application%20Support/iPhone%20Simulator/7.1/Applications/68CD1AFE-6FF0-4B58-94F7-C7F359AFBA75/HelloCordova.app/www/index.html#/login
2014-06-02 21:31:21.183 HelloCordova[97742:70b] in verify resolved {"id":2381829163,"id_str":"2381829163","name":"Marco Au","screen_name":"marc0au","location":"Hong Kong","description":"","url":null,"entities":{"description":{"urls":[]}},"protected":false,"followers_count":9,"friends_count":30,"listed_count":0,"created_at":"Mon Mar 10 08:59:16 +0000 2014","favourites_count":0,"utc_offset":null,"time_zone":null,"geo_enabled":false,"verified":false,"statuses_count":0,"lang":"en","contributors_enabled":false,"is_translator":false,"is_translation_enabled":false,"profile_background_color":"C0DEED","profile_background_image_url":"http:\/\/abs.twimg.com\/images\/themes\/theme1\/bg.png","profile_background_image_url_https":"https:\/\/abs.twimg.com\/images\/themes\/theme1\/bg.png","profile_background_tile":false,"profile_image_url":"http:\/\/abs.twimg.com\/sticky\/default_profile_images\/default_profile_0_normal.png","profile_image_url_https":"https:\/\/abs.twimg.com\/sticky\/default_profile_images\/default_profile_0_normal.png","profile_link_color":"0084B4","profile_sidebar_border_color":"C0DEED","profile_sidebar_fill_color":"DDEEF6","profile_text_color":"333333","profile_use_background_image":true,"default_profile":true,"default_profile_image":true,"following":false,"follow_request_sent":false,"notifications":false}
Terminating in response to SpringBoard's termination.
objc[98232]: Class AXEmojiUtilities is implemented in both /Applications/Xcode.app/Contents/Developer/Platforms/iPhoneSimulator.platform/Developer/SDKs/iPhoneSimulator7.1.sdk/System/Library/PrivateFrameworks/AccessibilityUtilities.framework/AccessibilityUtilities and /Applications/Xcode.app/Contents/Developer/Platforms/iPhoneSimulator.platform/Developer/SDKs/iPhoneSimulator7.1.sdk/usr/lib/libAXSpeechManager.dylib. One of the two will be used. Which one is undefined.
2014-06-02 21:34:21.589 HelloCordova[98232:70b] Cannot find executable for CFBundle 0xa6b8c10 </Applications/Xcode.app/Contents/Developer/Platforms/iPhoneSimulator.platform/Developer/SDKs/iPhoneSimulator7.1.sdk/System/Library/AccessibilityBundles/GeoServices.axbundle> (not loaded)
2014-06-02 21:34:21.593 HelloCordova[98232:70b] Cannot find executable for CFBundle 0xb57d680 </Applications/Xcode.app/Contents/Developer/Platforms/iPhoneSimulator.platform/Developer/SDKs/iPhoneSimulator7.1.sdk/System/Library/AccessibilityBundles/CertUIFramework.axbundle> (not loaded)
2014-06-02 21:34:21.625 HelloCordova[98232:70b] Multi-tasking -> Device: YES, App: YES
2014-06-02 21:34:21.630 HelloCordova[98232:70b] Unlimited access to network resources
2014-06-02 21:34:21.643 HelloCordova[98232:70b] [CDVTimer][keyboard] 0.047982ms
2014-06-02 21:34:21.644 HelloCordova[98232:70b] CDVPlugin class CDVStatusBar (pluginName: statusbar) does not exist.
2014-06-02 21:34:21.644 HelloCordova[98232:70b] [CDVTimer][statusbar] 0.386000ms
2014-06-02 21:34:21.644 HelloCordova[98232:70b] [CDVTimer][TotalPluginStartup] 1.231015ms
2014-06-02 21:34:21.700 HelloCordova[98232:70b] Resetting plugins due to page load.
2014-06-02 21:34:21.787 HelloCordova[98232:70b] Finished load of: file:///Users/marco/Library/Application%20Support/iPhone%20Simulator/7.1/Applications/68CD1AFE-6FF0-4B58-94F7-C7F359AFBA75/HelloCordova.app/www/index.html#/login
2014-06-02 21:38:39.698 HelloCordova[98232:70b] in verify resolved {"id":2381829163,"id_str":"2381829163","name":"Marco Au","screen_name":"marc0au","location":"Hong Kong","description":"","url":null,"entities":{"description":{"urls":[]}},"protected":false,"followers_count":9,"friends_count":30,"listed_count":0,"created_at":"Mon Mar 10 08:59:16 +0000 2014","favourites_count":0,"utc_offset":null,"time_zone":null,"geo_enabled":false,"verified":false,"statuses_count":0,"lang":"en","contributors_enabled":false,"is_translator":false,"is_translation_enabled":false,"profile_background_color":"C0DEED","profile_background_image_url":"http:\/\/abs.twimg.com\/images\/themes\/theme1\/bg.png","profile_background_image_url_https":"https:\/\/abs.twimg.com\/images\/themes\/theme1\/bg.png","profile_background_tile":false,"profile_image_url":"http:\/\/abs.twimg.com\/sticky\/default_profile_images\/default_profile_0_normal.png","profile_image_url_https":"https:\/\/abs.twimg.com\/sticky\/default_profile_images\/default_profile_0_normal.png","profile_link_color":"0084B4","profile_sidebar_border_color":"C0DEED","profile_sidebar_fill_color":"DDEEF6","profile_text_color":"333333","profile_use_background_image":true,"default_profile":true,"default_profile_image":true,"following":false,"follow_request_sent":false,"notifications":false}
Terminating in response to SpringBoard's termination.
objc[98722]: Class AXEmojiUtilities is implemented in both /Applications/Xcode.app/Contents/Developer/Platforms/iPhoneSimulator.platform/Developer/SDKs/iPhoneSimulator7.1.sdk/System/Library/PrivateFrameworks/AccessibilityUtilities.framework/AccessibilityUtilities and /Applications/Xcode.app/Contents/Developer/Platforms/iPhoneSimulator.platform/Developer/SDKs/iPhoneSimulator7.1.sdk/usr/lib/libAXSpeechManager.dylib. One of the two will be used. Which one is undefined.
2014-06-02 21:39:13.955 HelloCordova[98722:70b] Cannot find executable for CFBundle 0xaa752b0 </Applications/Xcode.app/Contents/Developer/Platforms/iPhoneSimulator.platform/Developer/SDKs/iPhoneSimulator7.1.sdk/System/Library/AccessibilityBundles/CertUIFramework.axbundle> (not loaded)
2014-06-02 21:39:13.958 HelloCordova[98722:70b] Cannot find executable for CFBundle 0xa38aec0 </Applications/Xcode.app/Contents/Developer/Platforms/iPhoneSimulator.platform/Developer/SDKs/iPhoneSimulator7.1.sdk/System/Library/AccessibilityBundles/GeoServices.axbundle> (not loaded)
2014-06-02 21:39:13.978 HelloCordova[98722:70b] Multi-tasking -> Device: YES, App: YES
2014-06-02 21:39:13.983 HelloCordova[98722:70b] Unlimited access to network resources
2014-06-02 21:39:13.995 HelloCordova[98722:70b] [CDVTimer][keyboard] 0.049949ms
2014-06-02 21:39:13.996 HelloCordova[98722:70b] CDVPlugin class CDVStatusBar (pluginName: statusbar) does not exist.
2014-06-02 21:39:13.996 HelloCordova[98722:70b] [CDVTimer][statusbar] 0.302017ms
2014-06-02 21:39:13.996 HelloCordova[98722:70b] [CDVTimer][TotalPluginStartup] 0.992000ms
2014-06-02 21:39:14.069 HelloCordova[98722:70b] Resetting plugins due to page load.
2014-06-02 21:39:14.161 HelloCordova[98722:70b] Finished load of: file:///Users/marco/Library/Application%20Support/iPhone%20Simulator/7.1/Applications/68CD1AFE-6FF0-4B58-94F7-C7F359AFBA75/HelloCordova.app/www/index.html#/login
2014-06-02 21:39:19.811 HelloCordova[98722:70b] in verify resolved {"id":2381829163,"id_str":"2381829163","name":"Marco Au","screen_name":"marc0au","location":"Hong Kong","description":"","url":null,"entities":{"description":{"urls":[]}},"protected":false,"followers_count":9,"friends_count":30,"listed_count":0,"created_at":"Mon Mar 10 08:59:16 +0000 2014","favourites_count":0,"utc_offset":null,"time_zone":null,"geo_enabled":false,"verified":false,"statuses_count":0,"lang":"en","contributors_enabled":false,"is_translator":false,"is_translation_enabled":false,"profile_background_color":"C0DEED","profile_background_image_url":"http:\/\/abs.twimg.com\/images\/themes\/theme1\/bg.png","profile_background_image_url_https":"https:\/\/abs.twimg.com\/images\/themes\/theme1\/bg.png","profile_background_tile":false,"profile_image_url":"http:\/\/abs.twimg.com\/sticky\/default_profile_images\/default_profile_0_normal.png","profile_image_url_https":"https:\/\/abs.twimg.com\/sticky\/default_profile_images\/default_profile_0_normal.png","profile_link_color":"0084B4","profile_sidebar_border_color":"C0DEED","profile_sidebar_fill_color":"DDEEF6","profile_text_color":"333333","profile_use_background_image":true,"default_profile":true,"default_profile_image":true,"following":false,"follow_request_sent":false,"notifications":false}
objc[99210]: Class AXEmojiUtilities is implemented in both /Applications/Xcode.app/Contents/Developer/Platforms/iPhoneSimulator.platform/Developer/SDKs/iPhoneSimulator7.1.sdk/System/Library/PrivateFrameworks/AccessibilityUtilities.framework/AccessibilityUtilities and /Applications/Xcode.app/Contents/Developer/Platforms/iPhoneSimulator.platform/Developer/SDKs/iPhoneSimulator7.1.sdk/usr/lib/libAXSpeechManager.dylib. One of the two will be used. Which one is undefined.
2014-06-02 21:40:51.958 HelloCordova[99210:70b] Cannot find executable for CFBundle 0xa555660 </Applications/Xcode.app/Contents/Developer/Platforms/iPhoneSimulator.platform/Developer/SDKs/iPhoneSimulator7.1.sdk/System/Library/AccessibilityBundles/CertUIFramework.axbundle> (not loaded)
2014-06-02 21:40:51.965 HelloCordova[99210:70b] Cannot find executable for CFBundle 0xa66c4c0 </Applications/Xcode.app/Contents/Developer/Platforms/iPhoneSimulator.platform/Developer/SDKs/iPhoneSimulator7.1.sdk/System/Library/AccessibilityBundles/GeoServices.axbundle> (not loaded)
2014-06-02 21:40:52.004 HelloCordova[99210:70b] Multi-tasking -> Device: YES, App: YES
2014-06-02 21:40:52.010 HelloCordova[99210:70b] Unlimited access to network resources
2014-06-02 21:40:52.028 HelloCordova[99210:70b] [CDVTimer][keyboard] 0.081003ms
2014-06-02 21:40:52.028 HelloCordova[99210:70b] CDVPlugin class CDVStatusBar (pluginName: statusbar) does not exist.
2014-06-02 21:40:52.029 HelloCordova[99210:70b] [CDVTimer][statusbar] 0.402033ms
2014-06-02 21:40:52.029 HelloCordova[99210:70b] [CDVTimer][TotalPluginStartup] 1.322985ms
2014-06-02 21:40:52.124 HelloCordova[99210:70b] Resetting plugins due to page load.
2014-06-02 21:40:52.237 HelloCordova[99210:70b] Finished load of: file:///Users/marco/Library/Application%20Support/iPhone%20Simulator/7.1/Applications/68CD1AFE-6FF0-4B58-94F7-C7F359AFBA75/HelloCordova.app/www/index.html#/login
2014-06-02 21:40:57.011 HelloCordova[99210:70b] in verify resolved {"id":2381829163,"id_str":"2381829163","name":"Marco Au","screen_name":"marc0au","location":"Hong Kong","description":"","url":null,"entities":{"description":{"urls":[]}},"protected":false,"followers_count":9,"friends_count":30,"listed_count":0,"created_at":"Mon Mar 10 08:59:16 +0000 2014","favourites_count":0,"utc_offset":null,"time_zone":null,"geo_enabled":false,"verified":false,"statuses_count":0,"lang":"en","contributors_enabled":false,"is_translator":false,"is_translation_enabled":false,"profile_background_color":"C0DEED","profile_background_image_url":"http:\/\/abs.twimg.com\/images\/themes\/theme1\/bg.png","profile_background_image_url_https":"https:\/\/abs.twimg.com\/images\/themes\/theme1\/bg.png","profile_background_tile":false,"profile_image_url":"http:\/\/abs.twimg.com\/sticky\/default_profile_images\/default_profile_0_normal.png","profile_image_url_https":"https:\/\/abs.twimg.com\/sticky\/default_profile_images\/default_profile_0_normal.png","profile_link_color":"0084B4","profile_sidebar_border_color":"C0DEED","profile_sidebar_fill_color":"DDEEF6","profile_text_color":"333333","profile_use_background_image":true,"default_profile":true,"default_profile_image":true,"following":false,"follow_request_sent":false,"notifications":false}
